C:\USERS\WILDER\DOCUMENTS\VISUAL STUDIO 2012\PROJECTS\RECONOCIMIENTOBIOMETRICOPALMASMANO\PROYECTOLISA\DEBUG\REDNEURONAL.OBJ
C:\USERS\WILDER\DOCUMENTS\VISUAL STUDIO 2012\PROJECTS\RECONOCIMIENTOBIOMETRICOPALMASMANO\PROYECTOLISA\DEBUG\NEURONA.OBJ
C:\USERS\WILDER\DOCUMENTS\VISUAL STUDIO 2012\PROJECTS\RECONOCIMIENTOBIOMETRICOPALMASMANO\PROYECTOLISA\DEBUG\INTERFAZ.OBJ
C:\USERS\WILDER\DOCUMENTS\VISUAL STUDIO 2012\PROJECTS\RECONOCIMIENTOBIOMETRICOPALMASMANO\PROYECTOLISA\DEBUG\IMAGEN.OBJ
C:\USERS\WILDER\DOCUMENTS\VISUAL STUDIO 2012\PROJECTS\RECONOCIMIENTOBIOMETRICOPALMASMANO\PROYECTOLISA\DEBUG\CAPA.OBJ
C:\USERS\WILDER\DOCUMENTS\VISUAL STUDIO 2012\PROJECTS\RECONOCIMIENTOBIOMETRICOPALMASMANO\PROYECTOLISA\DEBUG\AGPOBLACION.OBJ
C:\USERS\WILDER\DOCUMENTS\VISUAL STUDIO 2012\PROJECTS\RECONOCIMIENTOBIOMETRICOPALMASMANO\PROYECTOLISA\DEBUG\AGCROMOSOMA.OBJ
C:\USERS\WILDER\DOCUMENTS\VISUAL STUDIO 2012\PROJECTS\RECONOCIMIENTOBIOMETRICOPALMASMANO\PROYECTOLISA\DEBUG\AGALGORITMOGENETICO.OBJ
C:\USERS\WILDER\DOCUMENTS\VISUAL STUDIO 2012\PROJECTS\RECONOCIMIENTOBIOMETRICOPALMASMANO\PROYECTOLISA\DEBUG\VC110.PDB
C:\USERS\WILDER\DOCUMENTS\VISUAL STUDIO 2012\PROJECTS\RECONOCIMIENTOBIOMETRICOPALMASMANO\PROYECTOLISA\DEBUG\.NETFRAMEWORK,VERSION=V4.5.ASSEMBLYATTRIBUTES.OBJ
C:\USERS\WILDER\DOCUMENTS\VISUAL STUDIO 2012\PROJECTS\RECONOCIMIENTOBIOMETRICOPALMASMANO\DEBUG\PROYECTOLISA.ILK
C:\USERS\WILDER\DOCUMENTS\VISUAL STUDIO 2012\PROJECTS\RECONOCIMIENTOBIOMETRICOPALMASMANO\DEBUG\PROYECTOLISA.EXE
C:\USERS\WILDER\DOCUMENTS\VISUAL STUDIO 2012\PROJECTS\RECONOCIMIENTOBIOMETRICOPALMASMANO\DEBUG\PROYECTOLISA.PDB
C:\USERS\WILDER\DOCUMENTS\VISUAL STUDIO 2012\PROJECTS\RECONOCIMIENTOBIOMETRICOPALMASMANO\PROYECTOLISA\DEBUG\METAGEN.WRITE.1.TLOG
C:\Users\Wilder\documents\visual studio 2012\Projects\ReconocimientoBiometricoPalmasMano\ProyectoLisa\Debug\ProyectoLisa.Interfaz.resources
C:\Users\Wilder\documents\visual studio 2012\Projects\ReconocimientoBiometricoPalmasMano\ProyectoLisa\Debug\ProyectoLisa.vcxproj.GenerateResource.Cache
C:\Users\Wilder\documents\visual studio 2012\Projects\ReconocimientoBiometricoPalmasMano\ProyectoLisa\Debug\ProyectoLisa.vcxprojResolveAssemblyReference.cache
C:\Users\Wilder\documents\visual studio 2012\Projects\ReconocimientoBiometricoPalmasMano\ProyectoLisa\Debug\.NETFramework,Version=v4.5.AssemblyAttributes.obj
C:\Users\Wilder\documents\visual studio 2012\Projects\ReconocimientoBiometricoPalmasMano\ProyectoLisa\Debug\AgAlgoritmoGenetico.obj
C:\Users\Wilder\documents\visual studio 2012\Projects\ReconocimientoBiometricoPalmasMano\ProyectoLisa\Debug\AgCromosoma.obj
C:\Users\Wilder\documents\visual studio 2012\Projects\ReconocimientoBiometricoPalmasMano\ProyectoLisa\Debug\AgPoblacion.obj
C:\Users\Wilder\documents\visual studio 2012\Projects\ReconocimientoBiometricoPalmasMano\ProyectoLisa\Debug\Capa.obj
C:\Users\Wilder\documents\visual studio 2012\Projects\ReconocimientoBiometricoPalmasMano\ProyectoLisa\Debug\Imagen.obj
C:\Users\Wilder\documents\visual studio 2012\Projects\ReconocimientoBiometricoPalmasMano\ProyectoLisa\Debug\Interfaz.obj
C:\Users\Wilder\documents\visual studio 2012\Projects\ReconocimientoBiometricoPalmasMano\ProyectoLisa\Debug\Neurona.obj
C:\Users\Wilder\documents\visual studio 2012\Projects\ReconocimientoBiometricoPalmasMano\ProyectoLisa\Debug\RedNeuronal.obj
C:\Users\Wilder\documents\visual studio 2012\Projects\ReconocimientoBiometricoPalmasMano\ProyectoLisa\Debug\cl.command.1.tlog
C:\Users\Wilder\documents\visual studio 2012\Projects\ReconocimientoBiometricoPalmasMano\ProyectoLisa\Debug\CL.read.1.tlog
C:\Users\Wilder\documents\visual studio 2012\Projects\ReconocimientoBiometricoPalmasMano\ProyectoLisa\Debug\CL.write.1.tlog
C:\Users\Wilder\documents\visual studio 2012\Projects\ReconocimientoBiometricoPalmasMano\ProyectoLisa\Debug\link.4480-cvtres.read.1.tlog
C:\Users\Wilder\documents\visual studio 2012\Projects\ReconocimientoBiometricoPalmasMano\ProyectoLisa\Debug\link.4480-cvtres.write.1.tlog
C:\Users\Wilder\documents\visual studio 2012\Projects\ReconocimientoBiometricoPalmasMano\ProyectoLisa\Debug\link.4480-rc.read.1.tlog
C:\Users\Wilder\documents\visual studio 2012\Projects\ReconocimientoBiometricoPalmasMano\ProyectoLisa\Debug\link.4480-rc.write.1.tlog
C:\Users\Wilder\documents\visual studio 2012\Projects\ReconocimientoBiometricoPalmasMano\ProyectoLisa\Debug\link.4480.read.1.tlog
C:\Users\Wilder\documents\visual studio 2012\Projects\ReconocimientoBiometricoPalmasMano\ProyectoLisa\Debug\link.4480.write.1.tlog
C:\Users\Wilder\documents\visual studio 2012\Projects\ReconocimientoBiometricoPalmasMano\ProyectoLisa\Debug\link.command.1.tlog
C:\Users\Wilder\documents\visual studio 2012\Projects\ReconocimientoBiometricoPalmasMano\ProyectoLisa\Debug\link.read.1.tlog
C:\Users\Wilder\documents\visual studio 2012\Projects\ReconocimientoBiometricoPalmasMano\ProyectoLisa\Debug\link.write.1.tlog
C:\Users\Wilder\documents\visual studio 2012\Projects\ReconocimientoBiometricoPalmasMano\ProyectoLisa\Debug\metagen.read.1.tlog
C:\Users\Wilder\documents\visual studio 2012\Projects\ReconocimientoBiometricoPalmasMano\ProyectoLisa\Debug\metagen.write.1.tlog
C:\Users\Wilder\documents\visual studio 2012\Projects\ReconocimientoBiometricoPalmasMano\ProyectoLisa\Debug\ProyectoLisa.write.1.tlog
C:\Users\Wilder\documents\visual studio 2012\Projects\ReconocimientoBiometricoPalmasMano\ProyectoLisa\Debug\vc110.pdb
C:\Users\Wilder\documents\visual studio 2012\Projects\ReconocimientoBiometricoPalmasMano\ProyectoLisa\Debug\MICROSOFT.VISUALBASIC.POWERPACKS.VS.DLL.metagen
C:\Users\Wilder\documents\visual studio 2012\Projects\ReconocimientoBiometricoPalmasMano\ProyectoLisa\Debug\RSAENH.DLL.bi
C:\Users\Wilder\documents\visual studio 2012\Projects\ReconocimientoBiometricoPalmasMano\ProyectoLisa\Debug\TZRES.DLL.bi
C:\Users\Wilder\documents\visual studio 2012\Projects\ReconocimientoBiometricoPalmasMano\Debug\ProyectoLisa.pdb
C:\Users\Wilder\documents\visual studio 2012\Projects\ReconocimientoBiometricoPalmasMano\Debug\ProyectoLisa.exe
C:\Users\Wilder\documents\visual studio 2012\Projects\ReconocimientoBiometricoPalmasMano\Debug\ProyectoLisa.ilk
